<?xml version="1.0" encoding="UTF-8"?>
<!-- Generated by org.testng.reporters.JUnitReportReporter -->
<testsuite hostname="DESKTOP-B586L87" failures="0" tests="1" name="TestClass.TC001homepage" time="5.824" errors="0" timestamp="2025-04-22T12:18:13 IST" skipped="0">
  <testcase classname="TestClass.TC001homepage" name="verifycart" time="5.824"/>
</testsuite> <!-- TestClass.TC001homepage -->
