<?xml version="1.0" encoding="UTF-8"?>
<!-- Generated by org.testng.reporters.JUnitReportReporter -->
<testsuite hostname="DESKTOP-B586L87" failures="0" tests="1" name="TestClass.TC003testdata" time="3.355" errors="0" timestamp="2025-04-24T17:30:30 IST" skipped="0">
  <testcase classname="TestClass.TC003testdata" name="verifytestdata" time="3.355"/>
</testsuite> <!-- TestClass.TC003testdata -->
